#
# There is insufficient memory for the Java Runtime Environment to continue.
# Native memory allocation (mmap) failed to map 9437184 bytes for G1 virtual space
# Possible reasons:
#   The system is out of physical RAM or swap space
#   The process is running with CompressedOops enabled, and the Java Heap may be blocking the growth of the native heap
# Possible solutions:
#   Reduce memory load on the system
#   Increase physical memory or swap space
#   Check if swap backing store is full
#   Decrease Java heap size (-Xmx/-Xms)
#   Decrease number of Java threads
#   Decrease Java thread stack sizes (-Xss)
#   Set larger code cache with -XX:ReservedCodeCacheSize=
#   JVM is running with Unscaled Compressed Oops mode in which the Java heap is
#     placed in the first 4GB address space. The Java Heap base address is the
#     maximum limit for the native heap growth. Please use -XX:HeapBaseMinAddress
#     to set the Java Heap base and to place the Java Heap above 4GB virtual address.
# This output file may be truncated or incomplete.
#
#  Out of Memory Error (os_windows.cpp:3600), pid=7136, tid=12168
#
# JRE version: Java(TM) SE Runtime Environment (21.0.5+9) (build 21.0.5+9-LTS-239)
# Java VM: Java HotSpot(TM) 64-Bit Server VM (21.0.5+9-LTS-239, mixed mode, emulated-client, sharing, tiered, compressed oops, compressed class ptrs, g1 gc, windows-amd64)
# No core dump will be written. Minidumps are not enabled by default on client versions of Windows
#

---------------  S U M M A R Y ------------

Command Line: -XX:TieredStopAtLevel=1 -Dspring.output.ansi.enabled=always -Dcom.sun.management.jmxremote -Dspring.jmx.enabled=true -Dspring.liveBeansView.mbeanDomain -Dspring.application.admin.enabled=true -Dmanagement.endpoints.jmx.exposure.include=* -javaagent:C:\Program Files\JetBrains\IntelliJ IDEA 2024.2.1\lib\idea_rt.jar=53335:C:\Program Files\JetBrains\IntelliJ IDEA 2024.2.1\bin -Dfile.encoding=UTF-8 -Dsun.stdout.encoding=UTF-8 -Dsun.stderr.encoding=UTF-8 com.springdemo.educationsystem.EducationSystemApplication

Host: AMD Ryzen 5 3500U with Radeon Vega Mobile Gfx  , 8 cores, 3G,  Windows 11 , 64 bit Build 26100 (10.0.26100.5074)
Time: Fri Oct  3 19:28:19 2025  Windows 11 , 64 bit Build 26100 (10.0.26100.5074) elapsed time: 79.676782 seconds (0d 0h 1m 19s)

---------------  T H R E A D  ---------------

Current thread (0x00000175c68a27a0):  VMThread "VM Thread"          [id=12168, stack(0x0000005cd6500000,0x0000005cd6600000) (1024K)]

Stack: [0x0000005cd6500000,0x0000005cd6600000]
Native frames: (J=compiled Java code, j=interpreted, Vv=VM code, C=native code)
V  [jvm.dll+0x6ca289]
V  [jvm.dll+0x854a51]
V  [jvm.dll+0x856f7e]
V  [jvm.dll+0x857653]
V  [jvm.dll+0x27dd26]
V  [jvm.dll+0x6c6a25]
V  [jvm.dll+0x6bb5aa]
V  [jvm.dll+0x35359a]
V  [jvm.dll+0x35b1f6]
V  [jvm.dll+0x3adade]
V  [jvm.dll+0x3add88]
V  [jvm.dll+0x3278fc]
V  [jvm.dll+0x327987]
V  [jvm.dll+0x36c26c]
V  [jvm.dll+0x36aabe]
V  [jvm.dll+0x3270c1]
V  [jvm.dll+0x36a1da]
V  [jvm.dll+0x85d420]
V  [jvm.dll+0x85e7a4]
V  [jvm.dll+0x85ece0]
V  [jvm.dll+0x85ef83]
V  [jvm.dll+0x7fee9b]
V  [jvm.dll+0x6c896d]
C  [ucrtbase.dll+0x37b0]
C  [KERNEL32.DLL+0x2e8d7]
C  [ntdll.dll+0x8d9c]

VM_Operation (0x0000005cd83fd920): G1CollectForAllocation, mode: safepoint, requested by thread 0x000001760d7219a0


---------------  P R O C E S S  ---------------

Threads class SMR info:
_java_thread_list=0x000001760e9dfd40, length=34, elements={
0x00000175c68c2b50, 0x00000175c68c31b0, 0x00000175c68c3ba0, 0x00000175c68c6490,
0x00000175c68cae90, 0x00000175c68cc500, 0x00000175c68ccc90, 0x00000175c6adc230,
0x00000175c6e5e300, 0x00000175c6e5e960, 0x000001760c1e3ba0, 0x000001760d485730,
0x000001760d573850, 0x000001760d466d20, 0x000001760d6cf3f0, 0x000001760d7a20d0,
0x000001760d7a2730, 0x000001760d144db0, 0x000001760da1e2f0, 0x000001760d7219a0,
0x000001760eff04e0, 0x000001760efe8e00, 0x000001760effe5c0, 0x000001760cf7e4d0,
0x000001760efc6a90, 0x000001760efc70f0, 0x000001760efddf20, 0x000001760efde580,
0x000001760f1af030, 0x000001760da86120, 0x000001760f2c2f10, 0x000001760f2c1b60,
0x000001760f2c0e40, 0x000001760f2c35a0
}

Java Threads: ( => current thread )
  0x00000175c68c2b50 JavaThread "Reference Handler"          daemon [_thread_blocked, id=15272, stack(0x0000005cd6600000,0x0000005cd6700000) (1024K)]
  0x00000175c68c31b0 JavaThread "Finalizer"                  daemon [_thread_blocked, id=19104, stack(0x0000005cd6700000,0x0000005cd6800000) (1024K)]
  0x00000175c68c3ba0 JavaThread "Signal Dispatcher"          daemon [_thread_blocked, id=16400, stack(0x0000005cd6800000,0x0000005cd6900000) (1024K)]
  0x00000175c68c6490 JavaThread "Attach Listener"            daemon [_thread_blocked, id=17788, stack(0x0000005cd6900000,0x0000005cd6a00000) (1024K)]
  0x00000175c68cae90 JavaThread "Service Thread"             daemon [_thread_blocked, id=8992, stack(0x0000005cd6a00000,0x0000005cd6b00000) (1024K)]
  0x00000175c68cc500 JavaThread "Monitor Deflation Thread"   daemon [_thread_blocked, id=13888, stack(0x0000005cd6b00000,0x0000005cd6c00000) (1024K)]
  0x00000175c68ccc90 JavaThread "C1 CompilerThread0"         daemon [_thread_blocked, id=15216, stack(0x0000005cd6c00000,0x0000005cd6d00000) (1024K)]
  0x00000175c6adc230 JavaThread "Common-Cleaner"             daemon [_thread_blocked, id=12516, stack(0x0000005cd6d00000,0x0000005cd6e00000) (1024K)]
  0x00000175c6e5e300 JavaThread "Monitor Ctrl-Break"         daemon [_thread_in_native, id=20308, stack(0x0000005cd6e00000,0x0000005cd6f00000) (1024K)]
  0x00000175c6e5e960 JavaThread "Notification Thread"        daemon [_thread_blocked, id=4816, stack(0x0000005cd6f00000,0x0000005cd7000000) (1024K)]
  0x000001760c1e3ba0 JavaThread "RMI TCP Accept-0"           daemon [_thread_blocked, id=4920, stack(0x0000005cd7000000,0x0000005cd7100000) (1024K)]
  0x000001760d485730 JavaThread "RMI TCP Connection(1)-192.168.0.12" daemon [_thread_blocked, id=17724, stack(0x0000005cd7900000,0x0000005cd7a00000) (1024K)]
  0x000001760d573850 JavaThread "RMI Scheduler(0)"           daemon [_thread_blocked, id=16976, stack(0x0000005cd7a00000,0x0000005cd7b00000) (1024K)]
  0x000001760d466d20 JavaThread "JMX server connection timeout 37" daemon [_thread_blocked, id=1888, stack(0x0000005cd7b00000,0x0000005cd7c00000) (1024K)]
  0x000001760d6cf3f0 JavaThread "Catalina-utility-1"                [_thread_blocked, id=9080, stack(0x0000005cd7c00000,0x0000005cd7d00000) (1024K)]
  0x000001760d7a20d0 JavaThread "Catalina-utility-2"                [_thread_blocked, id=14504, stack(0x0000005cd7d00000,0x0000005cd7e00000) (1024K)]
  0x000001760d7a2730 JavaThread "container-0"                       [_thread_blocked, id=7240, stack(0x0000005cd7e00000,0x0000005cd7f00000) (1024K)]
  0x000001760d144db0 JavaThread "PostgreSQL-JDBC-Cleaner"    daemon [_thread_blocked, id=2288, stack(0x0000005cd8000000,0x0000005cd8100000) (1024K)]
  0x000001760da1e2f0 JavaThread "HikariPool-1:housekeeper"   daemon [_thread_blocked, id=16468, stack(0x0000005cd8100000,0x0000005cd8200000) (1024K)]
  0x000001760d7219a0 JavaThread "RMI TCP Connection(2)-192.168.0.12" daemon [_thread_blocked, id=12864, stack(0x0000005cd8300000,0x0000005cd8400000) (1024K)]
  0x000001760eff04e0 JavaThread "http-nio-8080-exec-1"       daemon [_thread_blocked, id=12124, stack(0x0000005cd5b00000,0x0000005cd5c00000) (1024K)]
  0x000001760efe8e00 JavaThread "http-nio-8080-exec-2"       daemon [_thread_blocked, id=6500, stack(0x0000005cd5c00000,0x0000005cd5d00000) (1024K)]
  0x000001760effe5c0 JavaThread "http-nio-8080-exec-3"       daemon [_thread_blocked, id=8456, stack(0x0000005cd5d00000,0x0000005cd5e00000) (1024K)]
  0x000001760cf7e4d0 JavaThread "http-nio-8080-exec-4"       daemon [_thread_blocked, id=2252, stack(0x0000005cd8200000,0x0000005cd8300000) (1024K)]
  0x000001760efc6a90 JavaThread "http-nio-8080-exec-5"       daemon [_thread_blocked, id=11136, stack(0x0000005cd8600000,0x0000005cd8700000) (1024K)]
  0x000001760efc70f0 JavaThread "http-nio-8080-exec-6"       daemon [_thread_blocked, id=6816, stack(0x0000005cd8700000,0x0000005cd8800000) (1024K)]
  0x000001760efddf20 JavaThread "http-nio-8080-exec-7"       daemon [_thread_blocked, id=17656, stack(0x0000005cd8800000,0x0000005cd8900000) (1024K)]
  0x000001760efde580 JavaThread "http-nio-8080-exec-8"       daemon [_thread_blocked, id=4260, stack(0x0000005cd8900000,0x0000005cd8a00000) (1024K)]
  0x000001760f1af030 JavaThread "http-nio-8080-exec-9"       daemon [_thread_blocked, id=16584, stack(0x0000005cd8a00000,0x0000005cd8b00000) (1024K)]
  0x000001760da86120 JavaThread "http-nio-8080-exec-10"      daemon [_thread_blocked, id=6936, stack(0x0000005cd8b00000,0x0000005cd8c00000) (1024K)]
  0x000001760f2c2f10 JavaThread "http-nio-8080-Poller"       daemon [_thread_blocked, id=16660, stack(0x0000005cd8c00000,0x0000005cd8d00000) (1024K)]
  0x000001760f2c1b60 JavaThread "http-nio-8080-Acceptor"     daemon [_thread_in_native, id=3380, stack(0x0000005cd8d00000,0x0000005cd8e00000) (1024K)]
  0x000001760f2c0e40 JavaThread "DestroyJavaVM"                     [_thread_blocked, id=6324, stack(0x0000005cd5e00000,0x0000005cd5f00000) (1024K)]
  0x000001760f2c35a0 JavaThread "JMX server connection timeout 140" daemon [_thread_blocked, id=2740, stack(0x0000005cd9000000,0x0000005cd9100000) (1024K)]
Total: 34

Other Threads:
=>0x00000175c68a27a0 VMThread "VM Thread"                           [id=12168, stack(0x0000005cd6500000,0x0000005cd6600000) (1024K)]
  0x00000175c6890700 WatcherThread "VM Periodic Task Thread"        [id=7696, stack(0x0000005cd6400000,0x0000005cd6500000) (1024K)]
  0x00000175b5bbeae0 WorkerThread "GC Thread#0"                     [id=14076, stack(0x0000005cd5f00000,0x0000005cd6000000) (1024K)]
  0x000001760c578120 WorkerThread "GC Thread#1"                     [id=18996, stack(0x0000005cd7100000,0x0000005cd7200000) (1024K)]
  0x000001760c5ebaf0 WorkerThread "GC Thread#2"                     [id=15108, stack(0x0000005cd7200000,0x0000005cd7300000) (1024K)]
  0x000001760c5ebe90 WorkerThread "GC Thread#3"                     [id=13820, stack(0x0000005cd7300000,0x0000005cd7400000) (1024K)]
  0x000001760c5ec230 WorkerThread "GC Thread#4"                     [id=17264, stack(0x0000005cd7400000,0x0000005cd7500000) (1024K)]
  0x000001760c5ec5d0 WorkerThread "GC Thread#5"                     [id=13620, stack(0x0000005cd7500000,0x0000005cd7600000) (1024K)]
  0x000001760c5ed190 WorkerThread "GC Thread#6"                     [id=7852, stack(0x0000005cd7600000,0x0000005cd7700000) (1024K)]
  0x000001760cbc67c0 WorkerThread "GC Thread#7"                     [id=8520, stack(0x0000005cd7800000,0x0000005cd7900000) (1024K)]
  0x00000175b5bc6750 ConcurrentGCThread "G1 Main Marker"            [id=592, stack(0x0000005cd6000000,0x0000005cd6100000) (1024K)]
  0x00000175b5bc7fe0 WorkerThread "G1 Conc#0"                       [id=8256, stack(0x0000005cd6100000,0x0000005cd6200000) (1024K)]
  0x000001760d179ca0 WorkerThread "G1 Conc#1"                       [id=18140, stack(0x0000005cd7700000,0x0000005cd7800000) (1024K)]
  0x00000175c67620c0 ConcurrentGCThread "G1 Refine#0"               [id=3688, stack(0x0000005cd6200000,0x0000005cd6300000) (1024K)]
  0x00000175c6762650 ConcurrentGCThread "G1 Service"                [id=9500, stack(0x0000005cd6300000,0x0000005cd6400000) (1024K)]
Total: 15

Threads with active compile tasks:
Total: 0

VM state: at safepoint (normal execution)

VM Mutex/Monitor currently owned by a thread:  ([mutex/lock_event])
[0x00007ffe62adbe98] Threads_lock - owner thread: 0x00000175c68a27a0
[0x00007ffe62adbf98] Heap_lock - owner thread: 0x000001760d7219a0

Heap address: 0x00000000c9400000, size: 876 MB, Compressed Oops mode: 32-bit

CDS archive(s) mapped at: [0x00000175c7000000-0x00000175c7c90000-0x00000175c7c90000), size 13172736, SharedBaseAddress: 0x00000175c7000000, ArchiveRelocationMode: 1.
Compressed class space mapped at: 0x00000175c8000000-0x0000017608000000, reserved size: 1073741824
Narrow klass base: 0x00000175c7000000, Narrow klass shift: 0, Narrow klass range: 0x100000000

GC Precious Log:
 CardTable entry size: 512
 Card Set container configuration: InlinePtr #cards 5 size 8 Array Of Cards #cards 12 size 40 Howl #buckets 4 coarsen threshold 1843 Howl Bitmap #cards 512 size 80 coarsen threshold 460 Card regions per heap region 1 cards per card region 2048
 CPUs: 8 total, 8 available
 Memory: 3497M
 Large Page Support: Disabled
 NUMA Support: Disabled
 Compressed Oops: Enabled (32-bit)
 Heap Region Size: 1M
 Heap Min Capacity: 8M
 Heap Initial Capacity: 56M
 Heap Max Capacity: 876M
 Pre-touch: Disabled
 Parallel Workers: 8
 Concurrent Workers: 2
 Concurrent Refinement Workers: 8
 Periodic GC: Disabled

Heap:
 garbage-first heap   total 58368K, used 32404K [0x00000000c9400000, 0x0000000100000000)
  region size 1024K, 2 young (2048K), 2 survivors (2048K)
 Metaspace       used 64873K, committed 65600K, reserved 1114112K
  class space    used 9143K, committed 9472K, reserved 1048576K

Heap Regions: E=young(eden), S=young(survivor), O=old, HS=humongous(starts), HC=humongous(continues), CS=collection set, F=free, TAMS=top-at-mark-start, PB=parsable bottom
|   0|0x00000000c9400000, 0x00000000c9500000, 0x00000000c9500000|100%|HS|  |TAMS 0x00000000c9500000| PB 0x00000000c9400000| Complete 
|   1|0x00000000c9500000, 0x00000000c9600000, 0x00000000c9600000|100%|HS|  |TAMS 0x00000000c9600000| PB 0x00000000c9500000| Complete 
|   2|0x00000000c9600000, 0x00000000c9700000, 0x00000000c9700000|100%| O|  |TAMS 0x00000000c9700000| PB 0x00000000c9600000| Untracked 
|   3|0x00000000c9700000, 0x00000000c9800000, 0x00000000c9800000|100%| O|  |TAMS 0x00000000c9800000| PB 0x00000000c9700000| Untracked 
|   4|0x00000000c9800000, 0x00000000c9900000, 0x00000000c9900000|100%| O|  |TAMS 0x00000000c9900000| PB 0x00000000c9800000| Untracked 
|   5|0x00000000c9900000, 0x00000000c9a00000, 0x00000000c9a00000|100%| O|  |TAMS 0x00000000c9a00000| PB 0x00000000c9900000| Untracked 
|   6|0x00000000c9a00000, 0x00000000c9b00000, 0x00000000c9b00000|100%| O|  |TAMS 0x00000000c9b00000| PB 0x00000000c9a00000| Untracked 
|   7|0x00000000c9b00000, 0x00000000c9c00000, 0x00000000c9c00000|100%| O|  |TAMS 0x00000000c9c00000| PB 0x00000000c9b00000| Untracked 
|   8|0x00000000c9c00000, 0x00000000c9d00000, 0x00000000c9d00000|100%| O|  |TAMS 0x00000000c9d00000| PB 0x00000000c9c00000| Untracked 
|   9|0x00000000c9d00000, 0x00000000c9e00000, 0x00000000c9e00000|100%| O|  |TAMS 0x00000000c9d00000| PB 0x00000000c9d00000| Untracked 
|  10|0x00000000c9e00000, 0x00000000c9f00000, 0x00000000c9f00000|100%| O|  |TAMS 0x00000000c9f00000| PB 0x00000000c9e00000| Untracked 
|  11|0x00000000c9f00000, 0x00000000ca000000, 0x00000000ca000000|100%| O|  |TAMS 0x00000000ca000000| PB 0x00000000c9f00000| Untracked 
|  12|0x00000000ca000000, 0x00000000ca100000, 0x00000000ca100000|100%| O|  |TAMS 0x00000000ca100000| PB 0x00000000ca000000| Untracked 
|  13|0x00000000ca100000, 0x00000000ca200000, 0x00000000ca200000|100%| O|  |TAMS 0x00000000ca200000| PB 0x00000000ca100000| Untracked 
|  14|0x00000000ca200000, 0x00000000ca300000, 0x00000000ca300000|100%| O|  |TAMS 0x00000000ca300000| PB 0x00000000ca200000| Untracked 
|  15|0x00000000ca300000, 0x00000000ca400000, 0x00000000ca400000|100%| O|  |TAMS 0x00000000ca400000| PB 0x00000000ca300000| Untracked 
|  16|0x00000000ca400000, 0x00000000ca500000, 0x00000000ca500000|100%| O|  |TAMS 0x00000000ca500000| PB 0x00000000ca400000| Untracked 
|  17|0x00000000ca500000, 0x00000000ca600000, 0x00000000ca600000|100%| O|  |TAMS 0x00000000ca600000| PB 0x00000000ca500000| Untracked 
|  18|0x00000000ca600000, 0x00000000ca700000, 0x00000000ca700000|100%| O|  |TAMS 0x00000000ca700000| PB 0x00000000ca600000| Untracked 
|  19|0x00000000ca700000, 0x00000000ca7b1f80, 0x00000000ca800000| 69%| O|  |TAMS 0x00000000ca700000| PB 0x00000000ca700000| Untracked 
|  20|0x00000000ca800000, 0x00000000ca900000, 0x00000000ca900000|100%| O|  |TAMS 0x00000000ca900000| PB 0x00000000ca800000| Untracked 
|  21|0x00000000ca900000, 0x00000000ca900000, 0x00000000caa00000|  0%| F|  |TAMS 0x00000000ca900000| PB 0x00000000ca900000| Untracked 
|  22|0x00000000caa00000, 0x00000000cab00000, 0x00000000cab00000|100%| O|  |TAMS 0x00000000cab00000| PB 0x00000000caa00000| Untracked 
|  23|0x00000000cab00000, 0x00000000cac00000, 0x00000000cac00000|100%| O|  |TAMS 0x00000000cac00000| PB 0x00000000cab00000| Untracked 
|  24|0x00000000cac00000, 0x00000000cad00000, 0x00000000cad00000|100%| O|  |TAMS 0x00000000cad00000| PB 0x00000000cac00000| Untracked 
|  25|0x00000000cad00000, 0x00000000cae00000, 0x00000000cae00000|100%| O|  |TAMS 0x00000000cae00000| PB 0x00000000cad00000| Untracked 
|  26|0x00000000cae00000, 0x00000000caf00000, 0x00000000caf00000|100%| O|  |TAMS 0x00000000caf00000| PB 0x00000000cae00000| Untracked 
|  27|0x00000000caf00000, 0x00000000cb000000, 0x00000000cb000000|100%| O|  |TAMS 0x00000000cb000000| PB 0x00000000caf00000| Untracked 
|  28|0x00000000cb000000, 0x00000000cb100000, 0x00000000cb100000|100%| O|  |TAMS 0x00000000cb100000| PB 0x00000000cb000000| Untracked 
|  29|0x00000000cb100000, 0x00000000cb200000, 0x00000000cb200000|100%| O|  |TAMS 0x00000000cb200000| PB 0x00000000cb100000| Untracked 
|  30|0x00000000cb200000, 0x00000000cb200000, 0x00000000cb300000|  0%| F|  |TAMS 0x00000000cb200000| PB 0x00000000cb200000| Untracked 
|  31|0x00000000cb300000, 0x00000000cb300000, 0x00000000cb400000|  0%| F|  |TAMS 0x00000000cb300000| PB 0x00000000cb300000| Untracked 
|  32|0x00000000cb400000, 0x00000000cb400000, 0x00000000cb500000|  0%| F|  |TAMS 0x00000000cb400000| PB 0x00000000cb400000| Untracked 
|  33|0x00000000cb500000, 0x00000000cb500000, 0x00000000cb600000|  0%| F|  |TAMS 0x00000000cb500000| PB 0x00000000cb500000| Untracked 
|  34|0x00000000cb600000, 0x00000000cb6f3180, 0x00000000cb700000| 94%| S|CS|TAMS 0x00000000cb600000| PB 0x00000000cb600000| Complete 
|  35|0x00000000cb700000, 0x00000000cb700000, 0x00000000cb800000|  0%| F|  |TAMS 0x00000000cb700000| PB 0x00000000cb700000| Untracked 
|  36|0x00000000cb800000, 0x00000000cb900000, 0x00000000cb900000|100%| S|CS|TAMS 0x00000000cb800000| PB 0x00000000cb800000| Complete 
|  37|0x00000000cb900000, 0x00000000cb900000, 0x00000000cba00000|  0%| F|  |TAMS 0x00000000cb900000| PB 0x00000000cb900000| Untracked 
|  38|0x00000000cba00000, 0x00000000cba00000, 0x00000000cbb00000|  0%| F|  |TAMS 0x00000000cba00000| PB 0x00000000cba00000| Untracked 
|  39|0x00000000cbb00000, 0x00000000cbb00000, 0x00000000cbc00000|  0%| F|  |TAMS 0x00000000cbb00000| PB 0x00000000cbb00000| Untracked 
|  40|0x00000000cbc00000, 0x00000000cbc00000, 0x00000000cbd00000|  0%| F|  |TAMS 0x00000000cbc00000| PB 0x00000000cbc00000| Untracked 
|  41|0x00000000cbd00000, 0x00000000cbd00000, 0x00000000cbe00000|  0%| F|  |TAMS 0x00000000cbd00000| PB 0x00000000cbd00000| Untracked 
|  42|0x00000000cbe00000, 0x00000000cbe00000, 0x00000000cbf00000|  0%| F|  |TAMS 0x00000000cbe00000| PB 0x00000000cbe00000| Untracked 
|  43|0x00000000cbf00000, 0x00000000cbf00000, 0x00000000cc000000|  0%| F|  |TAMS 0x00000000cbf00000| PB 0x00000000cbf00000| Untracked 
|  44|0x00000000cc000000, 0x00000000cc000000, 0x00000000cc100000|  0%| F|  |TAMS 0x00000000cc000000| PB 0x00000000cc000000| Untracked 
|  45|0x00000000cc100000, 0x00000000cc100000, 0x00000000cc200000|  0%| F|  |TAMS 0x00000000cc100000| PB 0x00000000cc100000| Untracked 
|  46|0x00000000cc200000, 0x00000000cc200000, 0x00000000cc300000|  0%| F|  |TAMS 0x00000000cc200000| PB 0x00000000cc200000| Untracked 
|  47|0x00000000cc300000, 0x00000000cc300000, 0x00000000cc400000|  0%| F|  |TAMS 0x00000000cc300000| PB 0x00000000cc300000| Untracked 
|  48|0x00000000cc400000, 0x00000000cc400000, 0x00000000cc500000|  0%| F|  |TAMS 0x00000000cc400000| PB 0x00000000cc400000| Untracked 
|  49|0x00000000cc500000, 0x00000000cc500000, 0x00000000cc600000|  0%| F|  |TAMS 0x00000000cc500000| PB 0x00000000cc500000| Untracked 
|  50|0x00000000cc600000, 0x00000000cc600000, 0x00000000cc700000|  0%| F|  |TAMS 0x00000000cc600000| PB 0x00000000cc600000| Untracked 
|  51|0x00000000cc700000, 0x00000000cc700000, 0x00000000cc800000|  0%| F|  |TAMS 0x00000000cc700000| PB 0x00000000cc700000| Untracked 
|  52|0x00000000cc800000, 0x00000000cc800000, 0x00000000cc900000|  0%| F|  |TAMS 0x00000000cc800000| PB 0x00000000cc800000| Untracked 
|  53|0x00000000cc900000, 0x00000000cc900000, 0x00000000cca00000|  0%| F|  |TAMS 0x00000000cc900000| PB 0x00000000cc900000| Untracked 
|  54|0x00000000cca00000, 0x00000000cca00000, 0x00000000ccb00000|  0%| F|  |TAMS 0x00000000cca00000| PB 0x00000000cca00000| Untracked 
|  55|0x00000000ccb00000, 0x00000000ccb00000, 0x00000000ccc00000|  0%| F|  |TAMS 0x00000000ccb00000| PB 0x00000000ccb00000| Untracked 
| 875|0x00000000fff00000, 0x0000000100000000, 0x0000000100000000|100%| O|  |TAMS 0x00000000fff0d530| PB 0x00000000fff00000| Untracked 

Card table byte_map: [0x00000175c2f40000,0x00000175c3100000] _byte_map_base: 0x00000175c28f6000

Marking Bits: (CMBitMap*) 0x00000175b5bbf0f0
 Bits: [0x00000175c3100000, 0x00000175c3eb0000)

Polling page: 0x00000175b5c40000

Metaspace:

Usage:
  Non-class:     54.42 MB used.
      Class:      8.93 MB used.
       Both:     63.35 MB used.

Virtual space:
  Non-class space:       64.00 MB reserved,      54.81 MB ( 86%) committed,  1 nodes.
      Class space:        1.00 GB reserved,       9.25 MB ( <1%) committed,  1 nodes.
             Both:        1.06 GB reserved,      64.06 MB (  6%) committed. 

Chunk freelists:
   Non-Class:  8.70 MB
       Class:  6.57 MB
        Both:  15.27 MB

MaxMetaspaceSize: unlimited
CompressedClassSpaceSize: 1.00 GB
Initial GC threshold: 21.00 MB
Current GC threshold: 95.31 MB
CDS: on
 - commit_granule_bytes: 65536.
 - commit_granule_words: 8192.
 - virtual_space_node_default_size: 8388608.
 - enlarge_chunks_in_place: 1.
 - use_allocation_guard: 0.


Internal statistics:

num_allocs_failed_limit: 6.
num_arena_births: 1254.
num_arena_deaths: 278.
num_vsnodes_births: 2.
num_vsnodes_deaths: 0.
num_space_committed: 1025.
num_space_uncommitted: 0.
num_chunks_returned_to_freelist: 309.
num_chunks_taken_from_freelist: 3840.
num_chunk_merges: 83.
num_chunk_splits: 2550.
num_chunks_enlarged: 1904.
num_inconsistent_stats: 0.

CodeCache: size=49152Kb used=11463Kb max_used=12026Kb free=37688Kb
 bounds [0x00000175bf500000, 0x00000175c00c0000, 0x00000175c2500000]
 total_blobs=7304 nmethods=6603 adapters=624
 compilation: enabled
              stopped_count=0, restarted_count=0
 full_count=0

Compilation events (20 events):
Event: 70.206 Thread 0x00000175c68ccc90 6677       1       org.springframework.boot.autoconfigure.condition.ConditionOutcome::getMessage (22 bytes)
Event: 70.207 Thread 0x00000175c68ccc90 nmethod 6677 0x00000175c002cd10 code [0x00000175c002cea0, 0x00000175c002d018]
Event: 70.207 Thread 0x00000175c68ccc90 6678       1       org.springframework.boot.autoconfigure.logging.ConditionEvaluationReportMessage::logConditionAndOutcome (107 bytes)
Event: 70.209 Thread 0x00000175c68ccc90 nmethod 6678 0x00000175c002d110 code [0x00000175c002d420, 0x00000175c002dff0]
Event: 70.567 Thread 0x000001760c10ced0 6679       1       java.util.concurrent.atomic.AtomicReference::compareAndSet (10 bytes)
Event: 70.572 Thread 0x000001760c10ced0 nmethod 6679 0x00000175c00bb890 code [0x00000175c00bba80, 0x00000175c00bbf10]
Event: 70.584 Thread 0x00000175c68ccc90 6680       1       java.time.Instant::getNano (5 bytes)
Event: 70.584 Thread 0x00000175c68ccc90 nmethod 6680 0x00000175c00bc110 code [0x00000175c00bc2a0, 0x00000175c00bc368]
Event: 72.079 Thread 0x000001760c10ced0 6681       1       java.util.concurrent.locks.ReentrantReadWriteLock::readLock (5 bytes)
Event: 72.080 Thread 0x00000175c68ccc90 6682       1       java.util.concurrent.locks.ReentrantReadWriteLock$NonfairSync::readerShouldBlock (5 bytes)
Event: 72.080 Thread 0x00000175c68ccc90 nmethod 6682 0x00000175c00bc410 code [0x00000175c00bc5a0, 0x00000175c00bc680]
Event: 72.080 Thread 0x000001760c10ced0 nmethod 6681 0x00000175c00bc710 code [0x00000175c00bc8a0, 0x00000175c00bc968]
Event: 72.080 Thread 0x00000175c68ccc90 6683       1       java.util.concurrent.locks.AbstractQueuedSynchronizer::apparentlyFirstQueuedIsExclusive (38 bytes)
Event: 72.081 Thread 0x00000175c68ccc90 nmethod 6683 0x00000175c00bca10 code [0x00000175c00bcba0, 0x00000175c00bcd30]
Event: 72.132 Thread 0x000001760c10ced0 6684       1       sun.rmi.server.UnicastRef::marshalValue (216 bytes)
Event: 72.133 Thread 0x00000175c68ccc90 6685       1       java.util.concurrent.ThreadPoolExecutor::getQueue (5 bytes)
Event: 72.133 Thread 0x00000175c68ccc90 nmethod 6685 0x00000175c00bce10 code [0x00000175c00bcfa0, 0x00000175c00bd068]
Event: 72.134 Thread 0x000001760c10ced0 nmethod 6684 0x00000175c00bd110 code [0x00000175c00bd420, 0x00000175c00bde00]
Event: 72.207 Thread 0x000001760c10ced0 6686       1       com.sun.jmx.mbeanserver.DefaultMXBeanMappingFactory$IdentityMapping::toNonNullOpenValue (2 bytes)
Event: 72.207 Thread 0x000001760c10ced0 nmethod 6686 0x00000175c00be510 code [0x00000175c00be6a0, 0x00000175c00be768]

GC Heap History (20 events):
Event: 20.268 GC heap after
{Heap after GC invocations=7 (full 0):
 garbage-first heap   total 55296K, used 20039K [0x00000000c9400000, 0x0000000100000000)
  region size 1024K, 3 young (3072K), 3 survivors (3072K)
 Metaspace       used 29491K, committed 30144K, reserved 1114112K
  class space    used 4005K, committed 4288K, reserved 1048576K
}
Event: 22.365 GC heap before
{Heap before GC invocations=7 (full 0):
 garbage-first heap   total 55296K, used 44615K [0x00000000c9400000, 0x0000000100000000)
  region size 1024K, 27 young (27648K), 3 survivors (3072K)
 Metaspace       used 34684K, committed 35328K, reserved 1114112K
  class space    used 4765K, committed 5056K, reserved 1048576K
}
Event: 22.373 GC heap after
{Heap after GC invocations=8 (full 0):
 garbage-first heap   total 55296K, used 21956K [0x00000000c9400000, 0x0000000100000000)
  region size 1024K, 2 young (2048K), 2 survivors (2048K)
 Metaspace       used 34684K, committed 35328K, reserved 1114112K
  class space    used 4765K, committed 5056K, reserved 1048576K
}
Event: 22.934 GC heap before
{Heap before GC invocations=8 (full 0):
 garbage-first heap   total 55296K, used 25028K [0x00000000c9400000, 0x0000000100000000)
  region size 1024K, 6 young (6144K), 2 survivors (2048K)
 Metaspace       used 35412K, committed 35968K, reserved 1114112K
  class space    used 4865K, committed 5120K, reserved 1048576K
}
Event: 22.942 GC heap after
{Heap after GC invocations=9 (full 0):
 garbage-first heap   total 55296K, used 21837K [0x00000000c9400000, 0x0000000100000000)
  region size 1024K, 2 young (2048K), 2 survivors (2048K)
 Metaspace       used 35412K, committed 35968K, reserved 1114112K
  class space    used 4865K, committed 5120K, reserved 1048576K
}
Event: 26.606 GC heap before
{Heap before GC invocations=10 (full 0):
 garbage-first heap   total 55296K, used 46413K [0x00000000c9400000, 0x0000000100000000)
  region size 1024K, 27 young (27648K), 2 survivors (2048K)
 Metaspace       used 41208K, committed 41856K, reserved 1114112K
  class space    used 5687K, committed 5952K, reserved 1048576K
}
Event: 26.623 GC heap after
{Heap after GC invocations=11 (full 0):
 garbage-first heap   total 55296K, used 23258K [0x00000000c9400000, 0x0000000100000000)
  region size 1024K, 4 young (4096K), 4 survivors (4096K)
 Metaspace       used 41208K, committed 41856K, reserved 1114112K
  class space    used 5687K, committed 5952K, reserved 1048576K
}
Event: 29.747 GC heap before
{Heap before GC invocations=11 (full 0):
 garbage-first heap   total 55296K, used 45786K [0x00000000c9400000, 0x0000000100000000)
  region size 1024K, 26 young (26624K), 4 survivors (4096K)
 Metaspace       used 45496K, committed 46144K, reserved 1114112K
  class space    used 6253K, committed 6528K, reserved 1048576K
}
Event: 29.773 GC heap after
{Heap after GC invocations=12 (full 0):
 garbage-first heap   total 55296K, used 24503K [0x00000000c9400000, 0x0000000100000000)
  region size 1024K, 4 young (4096K), 4 survivors (4096K)
 Metaspace       used 45496K, committed 46144K, reserved 1114112K
  class space    used 6253K, committed 6528K, reserved 1048576K
}
Event: 34.355 GC heap before
{Heap before GC invocations=12 (full 0):
 garbage-first heap   total 55296K, used 44983K [0x00000000c9400000, 0x0000000100000000)
  region size 1024K, 25 young (25600K), 4 survivors (4096K)
 Metaspace       used 51586K, committed 52224K, reserved 1114112K
  class space    used 7218K, committed 7488K, reserved 1048576K
}
Event: 34.380 GC heap after
{Heap after GC invocations=13 (full 0):
 garbage-first heap   total 55296K, used 25683K [0x00000000c9400000, 0x0000000100000000)
  region size 1024K, 3 young (3072K), 3 survivors (3072K)
 Metaspace       used 51586K, committed 52224K, reserved 1114112K
  class space    used 7218K, committed 7488K, reserved 1048576K
}
Event: 39.980 GC heap before
{Heap before GC invocations=13 (full 0):
 garbage-first heap   total 55296K, used 46163K [0x00000000c9400000, 0x0000000100000000)
  region size 1024K, 24 young (24576K), 3 survivors (3072K)
 Metaspace       used 54658K, committed 55360K, reserved 1114112K
  class space    used 7685K, committed 8000K, reserved 1048576K
}
Event: 39.995 GC heap after
{Heap after GC invocations=14 (full 0):
 garbage-first heap   total 55296K, used 26175K [0x00000000c9400000, 0x0000000100000000)
  region size 1024K, 2 young (2048K), 2 survivors (2048K)
 Metaspace       used 54658K, committed 55360K, reserved 1114112K
  class space    used 7685K, committed 8000K, reserved 1048576K
}
Event: 65.117 GC heap before
{Heap before GC invocations=14 (full 0):
 garbage-first heap   total 55296K, used 47679K [0x00000000c9400000, 0x0000000100000000)
  region size 1024K, 23 young (23552K), 2 survivors (2048K)
 Metaspace       used 57522K, committed 58304K, reserved 1114112K
  class space    used 8078K, committed 8448K, reserved 1048576K
}
Event: 65.222 GC heap after
{Heap after GC invocations=15 (full 0):
 garbage-first heap   total 55296K, used 27661K [0x00000000c9400000, 0x0000000100000000)
  region size 1024K, 3 young (3072K), 3 survivors (3072K)
 Metaspace       used 57522K, committed 58304K, reserved 1114112K
  class space    used 8078K, committed 8448K, reserved 1048576K
}
Event: 67.346 GC heap before
{Heap before GC invocations=16 (full 0):
 garbage-first heap   total 55296K, used 47117K [0x00000000c9400000, 0x0000000100000000)
  region size 1024K, 22 young (22528K), 3 survivors (3072K)
 Metaspace       used 59926K, committed 60608K, reserved 1114112K
  class space    used 8451K, committed 8768K, reserved 1048576K
}
Event: 67.361 GC heap after
{Heap after GC invocations=17 (full 0):
 garbage-first heap   total 55296K, used 29121K [0x00000000c9400000, 0x0000000100000000)
  region size 1024K, 3 young (3072K), 3 survivors (3072K)
 Metaspace       used 59926K, committed 60608K, reserved 1114112K
  class space    used 8451K, committed 8768K, reserved 1048576K
}
Event: 68.324 GC heap before
{Heap before GC invocations=17 (full 0):
 garbage-first heap   total 55296K, used 47553K [0x00000000c9400000, 0x0000000100000000)
  region size 1024K, 21 young (21504K), 3 survivors (3072K)
 Metaspace       used 61717K, committed 62400K, reserved 1114112K
  class space    used 8706K, committed 9024K, reserved 1048576K
}
Event: 68.363 GC heap after
{Heap after GC invocations=18 (full 0):
 garbage-first heap   total 56320K, used 30352K [0x00000000c9400000, 0x0000000100000000)
  region size 1024K, 3 young (3072K), 3 survivors (3072K)
 Metaspace       used 61717K, committed 62400K, reserved 1114112K
  class space    used 8706K, committed 9024K, reserved 1048576K
}
Event: 77.635 GC heap before
{Heap before GC invocations=18 (full 0):
 garbage-first heap   total 56320K, used 46736K [0x00000000c9400000, 0x0000000100000000)
  region size 1024K, 20 young (20480K), 3 survivors (3072K)
 Metaspace       used 64873K, committed 65600K, reserved 1114112K
  class space    used 9143K, committed 9472K, reserved 1048576K
}

Dll operation events (13 events):
Event: 0.111 Loaded shared library C:\Program Files\Java\jdk-21\bin\java.dll
Event: 1.093 Loaded shared library C:\Program Files\Java\jdk-21\bin\zip.dll
Event: 1.188 Loaded shared library C:\Program Files\Java\jdk-21\bin\instrument.dll
Event: 1.248 Loaded shared library C:\Program Files\Java\jdk-21\bin\net.dll
Event: 1.267 Loaded shared library C:\Program Files\Java\jdk-21\bin\nio.dll
Event: 1.304 Loaded shared library C:\Program Files\Java\jdk-21\bin\zip.dll
Event: 1.904 Loaded shared library C:\Program Files\JetBrains\IntelliJ IDEA 2024.2.1\bin\breakgen64.dll
Event: 1.964 Loaded shared library C:\Program Files\Java\jdk-21\bin\jimage.dll
Event: 2.028 Loaded shared library C:\Program Files\Java\jdk-21\bin\extnet.dll
Event: 2.281 Loaded shared library C:\Program Files\Java\jdk-21\bin\management.dll
Event: 2.378 Loaded shared library C:\Program Files\Java\jdk-21\bin\management_ext.dll
Event: 9.219 Loaded shared library C:\Program Files\Java\jdk-21\bin\sunmscapi.dll
Event: 22.842 Loaded shared library C:\Program Files\Java\jdk-21\bin\verify.dll

Deoptimization events (4 events):
Event: 11.787 Thread 0x00000175b5632930 DEOPT PACKING pc=0x00000175bfb61924 sp=0x0000005cd5efbca0
Event: 11.787 Thread 0x00000175b5632930 DEOPT UNPACKING pc=0x00000175bf554e42 sp=0x0000005cd5efb248 mode 0
Event: 11.787 Thread 0x00000175b5632930 DEOPT PACKING pc=0x00000175bfaf550c sp=0x0000005cd5efbea0
Event: 11.787 Thread 0x00000175b5632930 DEOPT UNPACKING pc=0x00000175bf554e42 sp=0x0000005cd5efb360 mode 0

Classes loaded (20 events):
Event: 70.011 Loading class java/nio/BufferMismatch
Event: 70.013 Loading class java/nio/BufferMismatch done
Event: 70.014 Loading class sun/nio/ch/SourceChannelImpl
Event: 70.017 Loading class java/nio/channels/Pipe$SourceChannel
Event: 70.017 Loading class java/nio/channels/Pipe$SourceChannel done
Event: 70.017 Loading class sun/nio/ch/SourceChannelImpl done
Event: 70.017 Loading class sun/nio/ch/SinkChannelImpl
Event: 70.026 Loading class java/nio/channels/Pipe$SinkChannel
Event: 70.027 Loading class java/nio/channels/Pipe$SinkChannel done
Event: 70.027 Loading class sun/nio/ch/SinkChannelImpl done
Event: 70.062 Loading class java/nio/channels/spi/AbstractSelector$1
Event: 70.064 Loading class java/util/TreeMap$ValueSpliterator
Event: 70.065 Loading class java/nio/channels/spi/AbstractSelector$1 done
Event: 70.066 Loading class java/util/TreeMap$TreeMapSpliterator
Event: 70.069 Loading class java/util/TreeMap$TreeMapSpliterator done
Event: 70.071 Loading class java/util/TreeMap$ValueSpliterator done
Event: 70.577 Loading class java/util/IdentityHashMap$KeySpliterator
Event: 70.579 Loading class java/util/IdentityHashMap$IdentityHashMapSpliterator
Event: 70.580 Loading class java/util/IdentityHashMap$IdentityHashMapSpliterator done
Event: 70.580 Loading class java/util/IdentityHashMap$KeySpliterator done

Classes unloaded (20 events):
Event: 65.542 Thread 0x00000175c68a27a0 Unloading class 0x00000175c80d7000 'java/lang/invoke/LambdaForm$MH+0x00000175c80d7000'
Event: 65.542 Thread 0x00000175c68a27a0 Unloading class 0x00000175c80d6c00 'java/lang/invoke/LambdaForm$MH+0x00000175c80d6c00'
Event: 65.542 Thread 0x00000175c68a27a0 Unloading class 0x00000175c80d6800 'java/lang/invoke/LambdaForm$MH+0x00000175c80d6800'
Event: 65.542 Thread 0x00000175c68a27a0 Unloading class 0x00000175c80d5c00 'java/lang/invoke/LambdaForm$MH+0x00000175c80d5c00'
Event: 65.542 Thread 0x00000175c68a27a0 Unloading class 0x00000175c80d4c00 'java/lang/invoke/LambdaForm$MH+0x00000175c80d4c00'
Event: 65.542 Thread 0x00000175c68a27a0 Unloading class 0x00000175c80d4400 'java/lang/invoke/LambdaForm$MH+0x00000175c80d4400'
Event: 65.543 Thread 0x00000175c68a27a0 Unloading class 0x00000175c80d4000 'java/lang/invoke/LambdaForm$MH+0x00000175c80d4000'
Event: 65.543 Thread 0x00000175c68a27a0 Unloading class 0x00000175c80c1800 'jdk/internal/reflect/GeneratedSerializationConstructorAccessor3'
Event: 65.544 Thread 0x00000175c68a27a0 Unloading class 0x00000175c80c0000 'java/lang/invoke/LambdaForm$DMH+0x00000175c80c0000'
Event: 65.544 Thread 0x00000175c68a27a0 Unloading class 0x00000175c800c400 'java/lang/invoke/LambdaForm$DMH+0x00000175c800c400'
Event: 65.544 Thread 0x00000175c68a27a0 Unloading class 0x00000175c800bc00 'java/lang/invoke/LambdaForm$MH+0x00000175c800bc00'
Event: 65.544 Thread 0x00000175c68a27a0 Unloading class 0x00000175c800b800 'java/lang/invoke/LambdaForm$DMH+0x00000175c800b800'
Event: 65.545 Thread 0x00000175c68a27a0 Unloading class 0x00000175c800b400 'java/lang/invoke/LambdaForm$DMH+0x00000175c800b400'
Event: 65.547 Thread 0x00000175c68a27a0 Unloading class 0x00000175c8009c00 'java/lang/invoke/LambdaForm$MH+0x00000175c8009c00'
Event: 65.547 Thread 0x00000175c68a27a0 Unloading class 0x00000175c8006c00 'java/lang/invoke/LambdaForm$MH+0x00000175c8006c00'
Event: 65.547 Thread 0x00000175c68a27a0 Unloading class 0x00000175c8006800 'java/lang/invoke/LambdaForm$MH+0x00000175c8006800'
Event: 65.548 Thread 0x00000175c68a27a0 Unloading class 0x00000175c8002400 'java/lang/invoke/LambdaForm$MH+0x00000175c8002400'
Event: 65.548 Thread 0x00000175c68a27a0 Unloading class 0x00000175c8002000 'java/lang/invoke/LambdaForm$MH+0x00000175c8002000'
Event: 65.548 Thread 0x00000175c68a27a0 Unloading class 0x00000175c8001c00 'java/lang/invoke/LambdaForm$MH+0x00000175c8001c00'
Event: 65.548 Thread 0x00000175c68a27a0 Unloading class 0x00000175c8001400 'java/lang/invoke/LambdaForm$MH+0x00000175c8001400'

Classes redefined (0 events):
No events

Internal exceptions (20 events):
Event: 40.449 Thread 0x00000175b5632930 Exception <a 'java/lang/NoSuchMethodError'{0x00000000cc893690}: 'java.lang.Object java.lang.invoke.DirectMethodHandle$Holder.newInvokeSpecial(java.lang.Object, java.lang.Object, int, java.lang.Object, int, java.lang.Object, java.lang.Object)'> (0x00000000cc893690) 
thrown [s\open\src\hotspot\share\interpreter\linkResolver.cpp, line 773]
Event: 40.470 Thread 0x00000175b5632930 Exception <a 'java/lang/NoSuchMethodError'{0x00000000cc8df560}: 'java.lang.Object java.lang.invoke.DirectMethodHandle$Holder.newInvokeSpecial(java.lang.Object, java.lang.Object, java.lang.Object, java.lang.Object, java.lang.Object, java.lang.Object, java.lang.Object, int)'> (0x00000000cc8df560) 
thrown [s\open\src\hotspot\share\interpreter\linkResolver.cpp, line 773]
Event: 40.470 Thread 0x00000175b5632930 Exception <a 'java/lang/NoSuchMethodError'{0x00000000cc8e3ad0}: 'java.lang.Object java.lang.invoke.DirectMethodHandle$Holder.invokeSpecial(java.lang.Object, java.lang.Object, java.lang.Object, java.lang.Object, java.lang.Object, java.lang.Object, java.lang.Object, java.lang.Object, int)'> (0x00000000cc8e3ad0) 
thrown [s\open\src\hotspot\share\interpreter\linkResolver.cpp, line 773]
Event: 40.471 Thread 0x00000175b5632930 Exception <a 'java/lang/NoSuchMethodError'{0x00000000cc8e7af8}: 'java.lang.Object java.lang.invoke.Invokers$Holder.linkToTargetMethod(java.lang.Object, java.lang.Object, java.lang.Object, java.lang.Object, java.lang.Object, java.lang.Object, int, java.lang.Object)'> (0x00000000cc8e7af8) 
thrown [s\open\src\hotspot\share\interpreter\linkResolver.cpp, line 773]
Event: 49.973 Thread 0x00000175b5632930 Exception <a 'java/lang/NoSuchMethodError'{0x00000000cc0c9eb0}: 'java.lang.Object java.lang.invoke.DirectMethodHandle$Holder.invokeSpecial(java.lang.Object, java.lang.Object, int, java.lang.Object, int)'> (0x00000000cc0c9eb0) 
thrown [s\open\src\hotspot\share\interpreter\linkResolver.cpp, line 773]
Event: 64.050 Thread 0x00000175b5632930 Exception <a 'java/lang/IncompatibleClassChangeError'{0x00000000cb7cd8b0}: Found class java.lang.Object, but interface was expected> (0x00000000cb7cd8b0) 
thrown [s\open\src\hotspot\share\interpreter\linkResolver.cpp, line 840]
Event: 65.006 Thread 0x00000175b5632930 Exception <a 'java/lang/IncompatibleClassChangeError'{0x00000000cb5a6ca0}: Found class java.lang.Object, but interface was expected> (0x00000000cb5a6ca0) 
thrown [s\open\src\hotspot\share\interpreter\linkResolver.cpp, line 840]
Event: 66.374 Thread 0x00000175b5632930 Exception <a 'java/lang/IncompatibleClassChangeError'{0x00000000cc4ffef8}: Found class java.lang.Object, but interface was expected> (0x00000000cc4ffef8) 
thrown [s\open\src\hotspot\share\interpreter\linkResolver.cpp, line 840]
Event: 66.944 Thread 0x00000175b5632930 Exception <a 'java/lang/IncompatibleClassChangeError'{0x00000000cbe8d810}: Found class java.lang.Object, but interface was expected> (0x00000000cbe8d810) 
thrown [s\open\src\hotspot\share\interpreter\linkResolver.cpp, line 840]
Event: 66.944 Thread 0x00000175b5632930 Exception <a 'java/lang/IncompatibleClassChangeError'{0x00000000cbe92fd0}: Found class java.lang.Object, but interface was expected> (0x00000000cbe92fd0) 
thrown [s\open\src\hotspot\share\interpreter\linkResolver.cpp, line 840]
Event: 67.129 Thread 0x00000175b5632930 Exception <a 'java/lang/NoSuchMethodError'{0x00000000cbc72420}: 'java.lang.Object java.lang.invoke.DirectMethodHandle$Holder.invokeStatic(java.lang.Object, int, java.lang.Object)'> (0x00000000cbc72420) 
thrown [s\open\src\hotspot\share\interpreter\linkResolver.cpp, line 773]
Event: 67.197 Thread 0x00000175b5632930 Exception <a 'java/lang/NoSuchMethodError'{0x00000000cbb715b0}: 'void java.lang.invoke.Invokers$Holder.invokeExact_MT(java.lang.Object, java.lang.Object, java.lang.Object, java.lang.Object)'> (0x00000000cbb715b0) 
thrown [s\open\src\hotspot\share\interpreter\linkResolver.cpp, line 773]
Event: 67.523 Thread 0x00000175b5632930 Exception <a 'java/lang/NoSuchMethodError'{0x00000000cc5fea38}: 'java.lang.Object java.lang.invoke.DirectMethodHandle$Holder.newInvokeSpecial(java.lang.Object, java.lang.Object, java.lang.Object, java.lang.Object, java.lang.Object, java.lang.Object, java.lang.Object, java.lang.Object)'> (0x00000000cc5fea38) 
thrown [s\open\src\hotspot\share\interpreter\linkResolver.cpp, line 773]
Event: 68.117 Thread 0x00000175b5632930 Exception <a 'java/lang/IncompatibleClassChangeError'{0x00000000cba8d9e8}: Found class java.lang.Object, but interface was expected> (0x00000000cba8d9e8) 
thrown [s\open\src\hotspot\share\interpreter\linkResolver.cpp, line 840]
Event: 68.315 Thread 0x00000175b5632930 Exception <a 'java/lang/NoSuchMethodError'{0x00000000cb8eda70}: 'java.lang.Object java.lang.invoke.DirectMethodHandle$Holder.invokeSpecial(java.lang.Object, java.lang.Object, int, int, int, int)'> (0x00000000cb8eda70) 
thrown [s\open\src\hotspot\share\interpreter\linkResolver.cpp, line 773]
Event: 68.681 Thread 0x00000175b5632930 Exception <a 'java/lang/IncompatibleClassChangeError'{0x00000000cc58d660}: Found class java.lang.Object, but interface was expected> (0x00000000cc58d660) 
thrown [s\open\src\hotspot\share\interpreter\linkResolver.cpp, line 840]
Event: 68.805 Thread 0x00000175b5632930 Exception <a 'java/lang/NoSuchMethodError'{0x00000000cc2173b8}: 'java.lang.Object java.lang.invoke.Invokers$Holder.invoke_MT(java.lang.Object, java.lang.Object, java.lang.Object, java.lang.Object, java.lang.Object, java.lang.Object, java.lang.Object, java.lang.Object, java.lang.Object, java.lang.Object, java.lang.Object)'> (0x00000000cc2173b8) 
thrown [s\open\src\hotspot\share\interpreter\linkResolver.cpp, line 773]
Event: 68.999 Thread 0x00000175b5632930 Exception <a 'java/lang/IncompatibleClassChangeError'{0x00000000cc048678}: Found class java.lang.Object, but interface was expected> (0x00000000cc048678) 
thrown [s\open\src\hotspot\share\interpreter\linkResolver.cpp, line 840]
Event: 69.723 Thread 0x00000175b5632930 Exception <a 'java/lang/NoSuchMethodError'{0x00000000cbc66a50}: 'java.lang.Object java.lang.invoke.DirectMethodHandle$Holder.newInvokeSpecial(java.lang.Object, java.lang.Object, int, java.lang.Object, java.lang.Object)'> (0x00000000cbc66a50) 
thrown [s\open\src\hotspot\share\interpreter\linkResolver.cpp, line 773]
Event: 77.633 Thread 0x000001760d7219a0 Exception <a 'java/lang/NoSuchMethodError'{0x00000000cb9e29a0}: 'java.lang.Object java.lang.invoke.DirectMethodHandle$Holder.invokeInterface(java.lang.Object, java.lang.Object, java.lang.Object, java.lang.Object, java.lang.Object, java.lang.Object, java.lang.Object)'> (0x00000000cb9e29a0) 
thrown [s\open\src\hotspot\share\interpreter\linkResolver.cpp, line 773]

ZGC Phase Switch (0 events):
No events

VM Operations (20 events):
Event: 67.363 Executing VM operation: G1CollectForAllocation (G1 Evacuation Pause) done
Event: 67.715 Executing VM operation: HandshakeAllThreads (Deoptimize)
Event: 67.715 Executing VM operation: HandshakeAllThreads (Deoptimize) done
Event: 67.801 Executing VM operation: HandshakeAllThreads (Deoptimize)
Event: 67.801 Executing VM operation: HandshakeAllThreads (Deoptimize) done
Event: 67.803 Executing VM operation: HandshakeAllThreads (Deoptimize)
Event: 67.803 Executing VM operation: HandshakeAllThreads (Deoptimize) done
Event: 68.151 Executing VM operation: HandshakeAllThreads (Deoptimize)
Event: 68.151 Executing VM operation: HandshakeAllThreads (Deoptimize) done
Event: 68.323 Executing VM operation: G1CollectForAllocation (G1 Evacuation Pause)
Event: 68.363 Executing VM operation: G1CollectForAllocation (G1 Evacuation Pause) done
Event: 68.388 Executing VM operation: HandshakeAllThreads (Deoptimize)
Event: 68.389 Executing VM operation: HandshakeAllThreads (Deoptimize) done
Event: 69.403 Executing VM operation: Cleanup
Event: 69.404 Executing VM operation: Cleanup done
Event: 70.422 Executing VM operation: Cleanup
Event: 70.497 Executing VM operation: Cleanup done
Event: 72.497 Executing VM operation: Cleanup
Event: 72.497 Executing VM operation: Cleanup done
Event: 77.635 Executing VM operation: G1CollectForAllocation (G1 Evacuation Pause)

Events (20 events):
Event: 69.851 Thread 0x000001760efe8e00 Thread added: 0x000001760efe8e00
Event: 69.857 Thread 0x000001760effe5c0 Thread added: 0x000001760effe5c0
Event: 69.858 Thread 0x000001760cf7e4d0 Thread added: 0x000001760cf7e4d0
Event: 69.858 Thread 0x000001760efc6a90 Thread added: 0x000001760efc6a90
Event: 69.858 Thread 0x000001760efc70f0 Thread added: 0x000001760efc70f0
Event: 69.858 Thread 0x000001760efddf20 Thread added: 0x000001760efddf20
Event: 69.858 Thread 0x000001760efde580 Thread added: 0x000001760efde580
Event: 69.858 Thread 0x000001760f1af030 Thread added: 0x000001760f1af030
Event: 69.859 Thread 0x000001760da86120 Thread added: 0x000001760da86120
Event: 70.044 Thread 0x000001760f2c2f10 Thread added: 0x000001760f2c2f10
Event: 70.058 Thread 0x000001760f2c1b60 Thread added: 0x000001760f2c1b60
Event: 70.128 Thread 0x000001760f2c0e40 Thread added: 0x000001760f2c0e40
Event: 70.167 Thread 0x000001760f2c0e40 Thread exited: 0x000001760f2c0e40
Event: 70.192 Thread 0x000001760c10ced0 Thread added: 0x000001760c10ced0
Event: 70.596 Thread 0x00000175b5632930 Thread exited: 0x00000175b5632930
Event: 70.600 Thread 0x000001760f2c0e40 Thread added: 0x000001760f2c0e40
Event: 70.666 Thread 0x000001760f2c21f0 Thread added: 0x000001760f2c21f0
Event: 72.130 Thread 0x000001760f2c35a0 Thread added: 0x000001760f2c35a0
Event: 72.196 Thread 0x000001760f2c21f0 Thread exited: 0x000001760f2c21f0
Event: 77.216 Thread 0x000001760c10ced0 Thread exited: 0x000001760c10ced0


Dynamic libraries:
0x00007ff7bafe0000 - 0x00007ff7baff0000 	C:\Program Files\Java\jdk-21\bin\java.exe
0x00007fff20320000 - 0x00007fff20589000 	C:\WINDOWS\SYSTEM32\ntdll.dll
0x00007fff1ff10000 - 0x00007fff1ffd9000 	C:\WINDOWS\System32\KERNEL32.DLL
0x00007fff1d8a0000 - 0x00007fff1dc93000 	C:\WINDOWS\System32\KERNELBASE.dll
0x00007fff1d4b0000 - 0x00007fff1d5fb000 	C:\WINDOWS\System32\ucrtbase.dll
0x00007ffefe4c0000 - 0x00007ffefe4d9000 	C:\Program Files\Java\jdk-21\bin\jli.dll
0x00007fff1e4a0000 - 0x00007fff1e554000 	C:\WINDOWS\System32\ADVAPI32.dll
0x00007fff1e560000 - 0x00007fff1e609000 	C:\WINDOWS\System32\msvcrt.dll
0x00007fff1f440000 - 0x00007fff1f4e6000 	C:\WINDOWS\System32\sechost.dll
0x00007ffefe4e0000 - 0x00007ffefe4fb000 	C:\Program Files\Java\jdk-21\bin\VCRUNTIME140.dll
0x00007fff1f500000 - 0x00007fff1f618000 	C:\WINDOWS\System32\RPCRT4.dll
0x00007fff1ea20000 - 0x00007fff1ebe4000 	C:\WINDOWS\System32\USER32.dll
0x00007fff1dca0000 - 0x00007fff1dcc7000 	C:\WINDOWS\System32\win32u.dll
0x00007fff1f840000 - 0x00007fff1f86b000 	C:\WINDOWS\System32\GDI32.dll
0x00007fff1d770000 - 0x00007fff1d89d000 	C:\WINDOWS\System32\gdi32full.dll
0x00007fff1d600000 - 0x00007fff1d6a3000 	C:\WINDOWS\System32\msvcp_win.dll
0x00007fff16220000 - 0x00007fff1622b000 	C:\WINDOWS\SYSTEM32\VERSION.dll
0x00007fff03900000 - 0x00007fff03b93000 	C:\WINDOWS\WinSxS\amd64_microsoft.windows.common-controls_6595b64144ccf1df_6.0.26100.5074_none_3e0d6f78e32fd63f\COMCTL32.dll
0x00007fff20280000 - 0x00007fff202af000 	C:\WINDOWS\System32\IMM32.DLL
0x00007fff186d0000 - 0x00007fff186dc000 	C:\Program Files\Java\jdk-21\bin\vcruntime140_1.dll
0x00007ffed6a70000 - 0x00007ffed6afe000 	C:\Program Files\Java\jdk-21\bin\msvcp140.dll
0x00007ffe61ea0000 - 0x00007ffe62bb8000 	C:\Program Files\Java\jdk-21\bin\server\jvm.dll
0x00007fff1f870000 - 0x00007fff1f8e4000 	C:\WINDOWS\System32\WS2_32.dll
0x00007fff1d330000 - 0x00007fff1d38e000 	C:\WINDOWS\SYSTEM32\POWRPROF.dll
0x00007fff15940000 - 0x00007fff15975000 	C:\WINDOWS\SYSTEM32\WINMM.dll
0x00007fff1d310000 - 0x00007fff1d324000 	C:\WINDOWS\SYSTEM32\UMPDC.dll
0x00007fff1c290000 - 0x00007fff1c2ab000 	C:\WINDOWS\SYSTEM32\kernel.appcore.dll
0x00007ffefe540000 - 0x00007ffefe54a000 	C:\Program Files\Java\jdk-21\bin\jimage.dll
0x00007fff07e70000 - 0x00007fff080b2000 	C:\WINDOWS\SYSTEM32\DBGHELP.DLL
0x00007fff1e610000 - 0x00007fff1e98b000 	C:\WINDOWS\System32\combase.dll
0x00007fff201a0000 - 0x00007fff20277000 	C:\WINDOWS\System32\OLEAUT32.dll
0x00007fff184e0000 - 0x00007fff1851d000 	C:\WINDOWS\SYSTEM32\dbgcore.DLL
0x00007fff1dcd0000 - 0x00007fff1dd69000 	C:\WINDOWS\System32\bcryptPrimitives.dll
0x00007ffefe4b0000 - 0x00007ffefe4bf000 	C:\Program Files\Java\jdk-21\bin\instrument.dll
0x00007ffefe470000 - 0x00007ffefe48f000 	C:\Program Files\Java\jdk-21\bin\java.dll
0x00007fff1ecf0000 - 0x00007fff1f43d000 	C:\WINDOWS\System32\SHELL32.dll
0x00007fff1de00000 - 0x00007fff1df6c000 	C:\WINDOWS\System32\wintypes.dll
0x00007fff1b100000 - 0x00007fff1b959000 	C:\WINDOWS\SYSTEM32\windows.storage.dll
0x00007fff1ebf0000 - 0x00007fff1ece0000 	C:\WINDOWS\System32\SHCORE.dll
0x00007fff1e430000 - 0x00007fff1e492000 	C:\WINDOWS\System32\shlwapi.dll
0x00007fff1d3d0000 - 0x00007fff1d3f9000 	C:\WINDOWS\SYSTEM32\profapi.dll
0x00007ffee3650000 - 0x00007ffee3668000 	C:\Program Files\Java\jdk-21\bin\zip.dll
0x00007ffefe460000 - 0x00007ffefe470000 	C:\Program Files\Java\jdk-21\bin\net.dll
0x00007fff12b40000 - 0x00007fff12c5f000 	C:\WINDOWS\SYSTEM32\WINHTTP.dll
0x00007fff1c810000 - 0x00007fff1c87b000 	C:\WINDOWS\system32\mswsock.dll
0x00007ffed70d0000 - 0x00007ffed70e6000 	C:\Program Files\Java\jdk-21\bin\nio.dll
0x00007ffed6f80000 - 0x00007ffed6f9a000 	C:\Program Files\JetBrains\IntelliJ IDEA 2024.2.1\bin\breakgen64.dll
0x00007ffedaa70000 - 0x00007ffedaa79000 	C:\Program Files\Java\jdk-21\bin\extnet.dll
0x00007fff1bcf0000 - 0x00007fff1be16000 	C:\WINDOWS\SYSTEM32\DNSAPI.dll
0x00007fff1bc60000 - 0x00007fff1bc94000 	C:\WINDOWS\SYSTEM32\IPHLPAPI.DLL
0x00007fff1f4f0000 - 0x00007fff1f4fa000 	C:\WINDOWS\System32\NSI.dll
0x000000005ba20000 - 0x000000005ba46000 	C:\Program Files\Bonjour\mdnsNSP.dll
0x00007fff05d30000 - 0x00007fff05d3b000 	C:\Windows\System32\rasadhlp.dll
0x00007fff11b90000 - 0x00007fff11c16000 	C:\WINDOWS\System32\fwpuclnt.dll
0x00007ffee0f70000 - 0x00007ffee0f7a000 	C:\Program Files\Java\jdk-21\bin\management.dll
0x00007ffedd2d0000 - 0x00007ffedd2db000 	C:\Program Files\Java\jdk-21\bin\management_ext.dll
0x00007fff202c0000 - 0x00007fff202c8000 	C:\WINDOWS\System32\PSAPI.DLL
0x00007fff1cab0000 - 0x00007fff1cacb000 	C:\WINDOWS\SYSTEM32\CRYPTSP.dll
0x00007fff1c1f0000 - 0x00007fff1c22b000 	C:\WINDOWS\system32\rsaenh.dll
0x00007fff1c8b0000 - 0x00007fff1c8db000 	C:\WINDOWS\SYSTEM32\USERENV.dll
0x00007fff1d3a0000 - 0x00007fff1d3c6000 	C:\WINDOWS\SYSTEM32\bcrypt.dll
0x00007fff1cad0000 - 0x00007fff1cadc000 	C:\WINDOWS\SYSTEM32\CRYPTBASE.dll
0x00007fff156f0000 - 0x00007fff15708000 	C:\WINDOWS\system32\napinsp.dll
0x00007fff08430000 - 0x00007fff08442000 	C:\WINDOWS\System32\winrnr.dll
0x00007ffed53e0000 - 0x00007ffed5408000 	C:\WINDOWS\system32\nlansp_c.dll
0x00007fff12b20000 - 0x00007fff12b36000 	C:\WINDOWS\system32\wshbth.dll
0x00007ffeda9a0000 - 0x00007ffeda9ae000 	C:\Program Files\Java\jdk-21\bin\sunmscapi.dll
0x00007fff1df70000 - 0x00007fff1e0e7000 	C:\WINDOWS\System32\CRYPT32.dll
0x00007fff1ccd0000 - 0x00007fff1cd00000 	C:\WINDOWS\SYSTEM32\ncrypt.dll
0x00007fff1cc80000 - 0x00007fff1ccbf000 	C:\WINDOWS\SYSTEM32\NTASN1.dll
0x00007fff01210000 - 0x00007fff01266000 	C:\WINDOWS\SYSTEM32\pdh.dll
0x00007fff186e0000 - 0x00007fff186f2000 	C:\WINDOWS\System32\perfproc.dll
0x00007fff172f0000 - 0x00007fff17301000 	C:\WINDOWS\System32\perfos.dll
0x00007fff1a7a0000 - 0x00007fff1a7b2000 	C:\WINDOWS\SYSTEM32\pfclient.dll
0x00007ffee3640000 - 0x00007ffee3650000 	C:\Program Files\Java\jdk-21\bin\verify.dll
0x00007ffef1c70000 - 0x00007ffef1c78000 	C:\WINDOWS\system32\wshunix.dll

dbghelp: loaded successfully - version: 4.0.5 - missing functions: none
symbol engine: initialized successfully - sym options: 0x614 - pdb path: .;C:\Program Files\Java\jdk-21\bin;C:\WINDOWS\SYSTEM32;C:\WINDOWS\WinSxS\amd64_microsoft.windows.common-controls_6595b64144ccf1df_6.0.26100.5074_none_3e0d6f78e32fd63f;C:\Program Files\Java\jdk-21\bin\server;C:\Program Files\JetBrains\IntelliJ IDEA 2024.2.1\bin;C:\Program Files\Bonjour

VM Arguments:
jvm_args: -XX:TieredStopAtLevel=1 -Dspring.output.ansi.enabled=always -Dcom.sun.management.jmxremote -Dspring.jmx.enabled=true -Dspring.liveBeansView.mbeanDomain -Dspring.application.admin.enabled=true -Dmanagement.endpoints.jmx.exposure.include=* -javaagent:C:\Program Files\JetBrains\IntelliJ IDEA 2024.2.1\lib\idea_rt.jar=53335:C:\Program Files\JetBrains\IntelliJ IDEA 2024.2.1\bin -Dfile.encoding=UTF-8 -Dsun.stdout.encoding=UTF-8 -Dsun.stderr.encoding=UTF-8 
java_command: com.springdemo.educationsystem.EducationSystemApplication
java_class_path (initial): C:\Users\user\Desktop\git  \EducationSystem\build\classes\java\main;C:\Users\user\Desktop\git  \EducationSystem\build\resources\main;C:\Users\user\.gradle\caches\modules-2\files-2.1\org.projectlombok\lombok\1.18.40\398c6d2d7c42c96b65e78d2ddc9be0058c163453\lombok-1.18.40.jar;C:\Users\user\.gradle\caches\modules-2\files-2.1\org.springframework.boot\spring-boot-starter-web-services\3.5.6\c7e9e0f0794c4c74c82f1b6e34f50d90c53bd076\spring-boot-starter-web-services-3.5.6.jar;C:\Users\user\.gradle\caches\modules-2\files-2.1\org.springframework.boot\spring-boot-starter-web\3.5.6\83d6174983b3d6649525a272222af212728a9892\spring-boot-starter-web-3.5.6.jar;C:\Users\user\.gradle\caches\modules-2\files-2.1\org.springframework.boot\spring-boot-starter-data-jpa\3.5.6\ec77fd4b025ff3401e80be68a8a3dfbe45c7dcfa\spring-boot-starter-data-jpa-3.5.6.jar;C:\Users\user\.gradle\caches\modules-2\files-2.1\jakarta.persistence\jakarta.persistence-api\3.1.0\66901fa1c373c6aff65c13791cc11da72060a8d6\jakarta.persistence-api-3.1.0.jar;C:\Users\user\.gradle\caches\modules-2\files-2.1\org.springframework.ws\spring-ws-core\4.1.1\d0b514256e199300704fa77d7208c24167522a24\spring-ws-core-4.1.1.jar;C:\Users\user\.gradle\caches\modules-2\files-2.1\com.sun.xml.messaging.saaj\saaj-impl\3.0.4\20e94bac120c14b7a0aa32c0821bab62515fd7dd\saaj-impl-3.0.4.jar;C:\Users\user\.gradle\caches\modules-2\files-2.1\jakarta.xml.ws\jakarta.xml.ws-api\4.0.2\331ecab874ee75b48db661a331319958cb04edec\jakarta.xml.ws-api-4.0.2.jar;C:\Users\user\.gradle\caches\modules-2\files-2.1\org.springframework\spring-oxm\6.2.11\1a57a7ba5e5be04e03fd45001e137e35714517f5\spring-oxm-6.2.11.jar;C:\Users\user\.gradle\caches\modules-2\files-2.1\org.springframework.boot\spring-boot-starter-json\3.5.6\62143e29dbac1e72759da7dd85fb8f85a3d582f7\spring-boot-starter-json-3.5.6.jar;C:\Users\user\.gradle\caches\modules-2\files-2.1\org.springframework.boot\spring-boot-starter\3.5.6\2a2de314809a7c4c9b7303063c1313e03fe31ad3\spring-boot-starter-3.5.6.jar;C:\Users\user\.gradle\caches\modules-2\files-2.1\org.springframework.boot\spring-boot-starter-tomcat\3.5.6\9384211e92c82344e23b00a580cc769724ea9a0c\spring-boot-starter-tomcat-3.5.6.jar;C:\Users\user\.gradle\caches\modules-2\files-2.1\org.springframework\spring-webmvc\6.2.11\3313fe95e06c1d3c94d00301cbed56ed1a9d2a86\spring-webmvc-6.2.11.jar;C:\Users\user\.gradle\caches\modules-2\files-2.1\org.springframework\spring-web\6.2.11\e590ac3e1aaea2d34a5ccb5c25ad84acbada8468\spring-web-6.2.11.jar;C:\Users\user\.gradle\caches\modules-2\files-2.1\org.hibernate.orm\hibernate-core\6.6.29.Final\d12db68bb867e2fe6e68740b3fba3d1d633f77ff\hibernate-core-6.6.29.Final.jar;C:\Users\user\.gradle\caches\modules-2\files-2.1\org.springframework.boot\spring-boot-starter-jdbc\3.5.6\812d2dc9a662d9ab640bea01b383e82d881fc586\spring-boot-starter-jdbc-3.5.6.jar;C:\Users\user\.gradle\caches\modules-2\files-2.1\org.springframework.data\spring-data-jpa\3.5.4\abd37141d1bd52283aac0d962d6efa1d4d72424b\spring-data-jpa-3.5.4.jar;C:\Users\user\.gradle\caches\modules-2\files-2.1\org.springframework\spring-aspects\6.2.11\e02d582f1595b101c7fa53778e91ddb71d62974e\spring-aspects-6.2.11.jar;C:\Users\user\.gradle\caches\modules-2\files-2.1\org.springframework.ws\spring-xml\4.1.1\e0a8e389cf3cb4c720c19dc3f9653dd67c0c13d0\spring-xml-4.1.1.jar;C:\Users\user\.gradle\caches\modules-2\files-2.1\org.springframework\spring-aop\6.2.11\1e970383810700506d646c2fa8943725f123f000\spring-aop-6.2.11.jar;C:\Users\user\.gradle\caches\modules-2\files-2.1\org.springframework\spring-beans\6.2.11\8d92eb837b70094d7316f6a07770eefd360bc53c\spring-beans-6.2.11.jar;C:\Users\user\.gradle\caches\modules-2\files-2.1\jakarta.xml.soap\jakarta.xml.soap-api\3.0.2\445830286faf84fe40a3f47ccd7537d69cd58c4\jakarta.xml.soap-api-3.0.2.jar;C:\Users\user\.gradle\caches\modules-2\files-2.1\jakarta.xml.bind\jakarta.xml.bind-api\4.0.2\6cd5a999b834b63238005b7144136379dc36cad2\jakarta.xml.bind-api-4.0.2.jar;C:\Users\user\.gradle\caches\modules-2\files-2.1\org.jvnet.staxex\stax-ex\2.1.0\33160568d70c01da407f8ba982bacf283d00ad4a\stax-ex-2.1.0.jar;C:\Users\user\.gradle\caches\modules-2\files-2.1\jakarta.activation\jakarta.activation-api\2.1.4\9e5c2a0d75dde71a0bedc4dbdbe47b78a5dc50f8\jakarta.activation-api-2.1.4.jar;C:\Users\user\.gradle\caches\modules-2\files-2.1\org.springframework\spring-core\6.2.11\f4860eb6ea92abb8ae6c5e82e2e7efc395cef8d\spring-core-6.2.11.jar;C:\Users\user\.gradle\caches\modules-2\files-2.1\com.fasterxml.jackson.datatype\jackson-datatype-jsr310\2.19.2\72e73f048b36d9df82aef146bf8b2ae63b2e28e2\jackson-datatype-jsr310-2.19.2.jar;C:\Users\user\.gradle\caches\modules-2\files-2.1\com.fasterxml.jackson.module\jackson-module-parameter-names\2.19.2\3c4ce467c11364c72ec4967c570fd5a2d1be1d0b\jackson-module-parameter-names-2.19.2.jar;C:\Users\user\.gradle\caches\modules-2\files-2.1\com.fasterxml.jackson.datatype\jackson-datatype-jdk8\2.19.2\a720d3946c3a1ab04b780f3b3163d62eee6948a0\jackson-datatype-jdk8-2.19.2.jar;C:\Users\user\.gradle\caches\modules-2\files-2.1\com.fasterxml.jackson.core\jackson-databind\2.19.2\46509399d28f57ca32c6bb4b0d4e10e8f062051e\jackson-databind-2.19.2.jar;C:\Users\user\.gradle\caches\modules-2\files-2.1\org.springframework.boot\spring-boot-autoconfigure\3.5.6\6b8fc2519774de4e82b0dbb5651093ce2ca20836\spring-boot-autoconfigure-3.5.6.jar;C:\Users\user\.gradle\caches\modules-2\files-2.1\org.springframework.boot\spring-boot\3.5.6\a02f486ab700dad1f81e54cb37651d92a3f9d700\spring-boot-3.5.6.jar;C:\Users\user\.gradle\caches\modules-2\files-2.1\org.springframework.boot\spring-boot-starter-logging\3.5.6\61717f15cb53d2a0cce6428b29adbdc2ed5f2f25\spring-boot-starter-logging-3.5.6.jar;C:\Users\user\.gradle\caches\modules-2\files-2.1\jakarta.annotation\jakarta.annotation-api\2.1.1\48b9bda22b091b1f48b13af03fe36db3be6e1ae3\jakarta.annotation-api-2.1.1.jar;C:\Users\user\.gradle\caches\modules-2\files-2.1\org.yaml\snakeyaml\2.4\e0666b825b796f85521f02360e77f4c92c5a7a07\snakeyaml-2.4.jar;C:\Users\user\.gradle\caches\modules-2\files-2.1\org.apache.tomcat.embed\tomcat-embed-websocket\10.1.46\e98da6e2f659ec02062d2c84a07b7262e82d8b74\tomcat-embed-websocket-10.1.46.jar;C:\Users\user\.gradle\caches\modules-2\files-2.1\org.apache.tomcat.embed\tomcat-embed-core\10.1.46\64d4eee6e42eb61492a7b84d458327bfb1c1d957\tomcat-embed-core-10.1.46.jar;C:\Users\user\.gradle\caches\modules-2\files-2.1\org.apache.tomcat.embed\tomcat-embed-el\10.1.46\e1fc6986d030e791415535e28fd21c0be11810de\tomcat-embed-el-10.1.46.jar;C:\Users\user\.gradle\caches\modules-2\files-2.1\org.springframework\spring-context\6.2.11\bbfb4d55385b2b65ecaf04937d209cf467eaba2f\spring-context-6.2.11.jar;C:\Users\user\.gradle\caches\modules-2\files-2.1\org.springframework\spring-expression\6.2.11\7190c1c69576516efef1a061d956dccf17cb0b86\spring-expression-6.2.11.jar;C:\Users\user\.gradle\caches\modules-2\files-2.1\io.micrometer\micrometer-observation\1.15.4\8cd0aed0ff098a7937f2f8f81705840f2d60a432\micrometer-observation-1.15.4.jar;C:\Users\user\.gradle\caches\modules-2\files-2.1\jakarta.transaction\jakarta.transaction-api\2.0.1\51a520e3fae406abb84e2e1148e6746ce3f80a1a\jakarta.transaction-api-2.0.1.jar;C:\Users\user\.gradle\caches\modules-2\files-2.1\org.springframework\spring-jdbc\6.2.11\8aadfc8bed1630563c65bb5628e2175ecd508998\spring-jdbc-6.2.11.jar;C:\Users\user\.gradle\caches\modules-2\files-2.1\com.zaxxer\HikariCP\6.3.3\7c5aec1e47a97ff40977e0193018865304ea9585\HikariCP-6.3.3.jar;C:\Users\user\.gradle\caches\modules-2\files-2.1\org.springframework\spring-orm\6.2.11\d14df2d6ecddd2984ef5590d73c5178d7df25c11\spring-orm-6.2.11.jar;C:\Users\user\.gradle\caches\modules-2\files-2.1\org.springframework.data\spring-data-commons\3.5.4\b61f6528cb8b39b471775a4b27f0437f6646f1e6\spring-data-commons-3.5.4.jar;C:\Users\user\.gradle\caches\modules-2\files-2.1\org.springframework\spring-tx\6.2.11\f2b8bef65f6682019002c12a628886637e596261\spring-tx-6.2.11.jar;C:\Users\user\.gradle\caches\modules-2\files-2.1\org.antlr\antlr4-runtime\4.13.0\5a02e48521624faaf5ff4d99afc88b01686af655\antlr4-runtime-4.13.0.jar;C:\Users\user\.gradle\caches\modules-2\files-2.1\org.slf4j\slf4j-api\2.0.17\d9e58ac9c7779ba3bf8142aff6c830617a7fe60f\slf4j-api-2.0.17.jar;C:\Users\user\.gradle\caches\modules-2\files-2.1\org.aspectj\aspectjweaver\1.9.24\9b5aeb0cea9f958b9c57fb80e62996e95a3e9379\aspectjweaver-1.9.24.jar;C:\Users\user\.gradle\caches\modules-2\files-2.1\org.springframework\spring-jcl\6.2.11\819fc7e968ac07d4b042be7cfb8d99c267142ac7\spring-jcl-6.2.11.jar;C:\Users\user\.gradle\caches\modules-2\files-2.1\com.fasterxml.jackson.core\jackson-annotations\2.19.2\c5381f11988ae3d424b197a26087d86067b6d7d\jackson-annotations-2.19.2.jar;C:\Users\user\.gradle\caches\modules-2\files-2.1\com.fasterxml.jackson.core\jackson-core\2.19.2\50f3b4bd59b9ff51a0ed493e7b5abaf5c39709bf\jackson-core-2.19.2.jar;C:\Users\user\.gradle\caches\modules-2\files-2.1\ch.qos.logback\logback-classic\1.5.18\fc371f3fc97a639de2d67947cffb7518ec5e3d40\logback-classic-1.5.18.jar;C:\Users\user\.gradle\caches\modules-2\files-2.1\org.apache.logging.log4j\log4j-to-slf4j\2.24.3\da1143e2a2531ee1c2d90baa98eb50a28a39d5a7\log4j-to-slf4j-2.24.3.jar;C:\Users\user\.gradle\caches\modules-2\files-2.1\org.slf4j\jul-to-slf4j\2.0.17\524cb6ccc2b68a57604750e1ab8b13b5a786a6aa\jul-to-slf4j-2.0.17.jar;C:\Users\user\.gradle\caches\modules-2\files-2.1\io.micrometer\micrometer-commons\1.15.4\f73f10deeee5700b15c2f0f41ae79e2689b39613\micrometer-commons-1.15.4.jar;C:\Users\user\.gradle\caches\modules-2\files-2.1\ch.qos.logback\logback-core\1.5.18\6c0375624f6f36b4e089e2488ba21334a11ef13f\logback-core-1.5.18.jar;C:\Users\user\.gradle\caches\modules-2\files-2.1\org.apache.logging.log4j\log4j-api\2.24.3\b02c125db8b6d295adf72ae6e71af5d83bce2370\log4j-api-2.24.3.jar;C:\Users\user\.gradle\caches\modules-2\files-2.1\org.postgresql\postgresql\42.7.7\67f8093e8d8104c74bbf588392ac3229803f5d17\postgresql-42.7.7.jar;C:\Users\user\.gradle\caches\modules-2\files-2.1\org.checkerframework\checker-qual\3.49.3\119a4df4ba2e6a432b23989a785f81be38a56849\checker-qual-3.49.3.jar;C:\Users\user\.gradle\caches\modules-2\files-2.1\org.glassfish.jaxb\jaxb-runtime\4.0.5\ca84c2a7169b5293e232b9d00d1e4e36d4c3914a\jaxb-runtime-4.0.5.jar;C:\Users\user\.gradle\caches\modules-2\files-2.1\org.eclipse.angus\angus-activation\2.0.2\41f1e0ddd157c856926ed149ab837d110955a9fc\angus-activation-2.0.2.jar;C:\Users\user\.gradle\caches\modules-2\files-2.1\org.jboss.logging\jboss-logging\3.6.1.Final\886afbb445b4016a37c8960a7aef6ebd769ce7e5\jboss-logging-3.6.1.Final.jar;C:\Users\user\.gradle\caches\modules-2\files-2.1\org.hibernate.common\hibernate-commons-annotations\7.0.3.Final\e183c4be8bb41d12e9f19b374e00c34a0a85f439\hibernate-commons-annotations-7.0.3.Final.jar;C:\Users\user\.gradle\caches\modules-2\files-2.1\io.smallrye\jandex\3.2.0\f17ad860f62a08487b9edabde608f8ac55c62fa7\jandex-3.2.0.jar;C:\Users\user\.gradle\caches\modules-2\files-2.1\com.fasterxml\classmate\1.7.0\e98374da1f2143ac8e6e0a95036994bb19137a3\classmate-1.7.0.jar;C:\Users\user\.gradle\caches\modules-2\files-2.1\net.bytebuddy\byte-buddy\1.17.7\3856bfab61beb23e099a0d6629f2ba8de4b98ace\byte-buddy-1.17.7.jar;C:\Users\user\.gradle\caches\modules-2\files-2.1\jakarta.inject\jakarta.inject-api\2.0.1\4c28afe1991a941d7702fe1362c365f0a8641d1e\jakarta.inject-api-2.0.1.jar;C:\Users\user\.gradle\caches\modules-2\files-2.1\org.glassfish.jaxb\jaxb-core\4.0.5\7b4b11ea5542eea4ad55e1080b23be436795b3\jaxb-core-4.0.5.jar;C:\Users\user\.gradle\caches\modules-2\files-2.1\org.glassfish.jaxb\txw2\4.0.5\f36a4ef12120a9bb06d766d6a0e54b144fd7ed98\txw2-4.0.5.jar;C:\Users\user\.gradle\caches\modules-2\files-2.1\com.sun.istack\istack-commons-runtime\4.1.2\18ec117c85f3ba0ac65409136afa8e42bc74e739\istack-commons-runtime-4.1.2.jar
Launcher Type: SUN_STANDARD

[Global flags]
     intx CICompilerCount                          = 4                                         {product} {ergonomic}
     uint ConcGCThreads                            = 2                                         {product} {ergonomic}
     uint G1ConcRefinementThreads                  = 8                                         {product} {ergonomic}
   size_t G1HeapRegionSize                         = 1048576                                   {product} {ergonomic}
    uintx GCDrainStackTargetSize                   = 64                                        {product} {ergonomic}
   size_t InitialHeapSize                          = 58720256                                  {product} {ergonomic}
     bool ManagementServer                         = true                                      {product} {command line}
   size_t MarkStackSize                            = 4194304                                   {product} {ergonomic}
   size_t MaxHeapSize                              = 918552576                                 {product} {ergonomic}
   size_t MaxNewSize                               = 550502400                                 {product} {ergonomic}
   size_t MinHeapDeltaBytes                        = 1048576                                   {product} {ergonomic}
   size_t MinHeapSize                              = 8388608                                   {product} {ergonomic}
    uintx NonNMethodCodeHeapSize                   = 4096                                   {pd product} {ergonomic}
    uintx NonProfiledCodeHeapSize                  = 0                                      {pd product} {ergonomic}
     bool ProfileInterpreter                       = false                                  {pd product} {command line}
    uintx ProfiledCodeHeapSize                     = 0                                      {pd product} {ergonomic}
   size_t SoftMaxHeapSize                          = 918552576                              {manageable} {ergonomic}
     intx TieredStopAtLevel                        = 1                                         {product} {command line}
     bool UseCompressedOops                        = true                           {product lp64_product} {ergonomic}
     bool UseG1GC                                  = true                                      {product} {ergonomic}
     bool UseLargePagesIndividualAllocation        = false                                  {pd product} {ergonomic}

Logging:
Log output configuration:
 #0: stdout all=warning uptime,level,tags foldmultilines=false
 #1: stderr all=off uptime,level,tags foldmultilines=false

Environment Variables:
JAVA_HOME=C:\Program Files\Java\jdk-21
PATH=C:\Program Files\Common Files\Oracle\Java\javapath;C:\Users\user\AppData\Roaming\NCALayer\jre\bin;C:\WINDOWS\system32;C:\WINDOWS;C:\WINDOWS\System32\Wbem;C:\WINDOWS\System32\WindowsPowerShell\v1.0\;C:\WINDOWS\System32\OpenSSH\;C:\Program Files\Java\jdk-21\bin;C:\Program Files\Java\jdk-21\bin;C:\Program Files\Docker\Docker\resources\bin;C:\Program Files\Git\cmd;C:\Users\user\AppData\Local\Microsoft\WindowsApps;C:\Program Files\JetBrains\PyCharm Community Edition 2023.2.1\bin;;C:\Program Files\JetBrains\IntelliJ IDEA 2024.2.1\bin;;C:\Users\user\AppData\Local\Programs\Microsoft VS Code\bin;C:\Users\user\AppData\Local\Programs\MiKTeX\miktex\bin\x64\
USERNAME=user
OS=Windows_NT
PROCESSOR_IDENTIFIER=AMD64 Family 23 Model 24 Stepping 1, AuthenticAMD
TMP=C:\Users\user\AppData\Local\Temp
TEMP=C:\Users\user\AppData\Local\Temp




Periodic native trim disabled

---------------  S Y S T E M  ---------------

OS:
 Windows 11 , 64 bit Build 26100 (10.0.26100.5074)
OS uptime: 22 days 17:59 hours
Hyper-V role detected

CPU: total 8 (initial active 8) (8 cores per cpu, 2 threads per core) family 23 model 24 stepping 1 microcode 0x8108109, cx8, cmov, fxsr, ht, mmx, 3dnowpref, sse, sse2, sse3, ssse3, sse4a, sse4.1, sse4.2, popcnt, lzcnt, tsc, tscinvbit, avx, avx2, aes, clmul, bmi1, bmi2, adx, sha, fma, vzeroupper, clflush, clflushopt, hv, rdtscp, f16c
Processor Information for all 8 processors :
  Max Mhz: 2100, Current Mhz: 2100, Mhz Limit: 2100

Memory: 4k page, system-wide physical 3497M (131M free)
TotalPageFile size 14249M (AvailPageFile size 0M)
current process WorkingSet (physical memory assigned to process): 103M, peak: 183M
current process commit charge ("private bytes"): 255M, peak: 264M

vm_info: Java HotSpot(TM) 64-Bit Server VM (21.0.5+9-LTS-239) for windows-amd64 JRE (21.0.5+9-LTS-239), built on 2024-09-30T05:17:38Z by "mach5one" with MS VC++ 17.6 (VS2022)

END.
